2023-06-04T22:00:48.978+07:00  INFO 28844 --- [main] c.d.j.m.Main                             : Starting Main using Java 18.0.2 with PID 28844 (C:\Users\Sergey\IdeaProjects\DigDesEducation\app\target\classes started by Sergey in C:\Users\Sergey\IdeaProjects\DigDesEducation)
2023-06-04T22:00:48.995+07:00  INFO 28844 --- [main] c.d.j.m.Main                             : No active profile set, falling back to 1 default profile: "default"
2023-06-04T22:00:58.166+07:00  INFO 28844 --- [main] c.d.j.m.Main                             : Started Main in 9.992 seconds (process running for 11.331)
2023-06-04T22:02:11.828+07:00  INFO 22040 --- [main] c.d.j.m.Main                             : Starting Main using Java 18.0.2 with PID 22040 (C:\Users\Sergey\IdeaProjects\DigDesEducation\app\target\classes started by Sergey in C:\Users\Sergey\IdeaProjects\DigDesEducation)
2023-06-04T22:02:11.846+07:00  INFO 22040 --- [main] c.d.j.m.Main                             : No active profile set, falling back to 1 default profile: "default"
2023-06-04T22:02:21.794+07:00  INFO 22040 --- [main] c.d.j.m.Main                             : Started Main in 10.901 seconds (process running for 12.191)
2023-06-04T22:02:38.556+07:00  INFO 22040 --- [http-nio-8080-exec-1] c.d.j.s.i.MemberServiceImpl              : Member admin successfully authenticated
2023-06-04T23:04:53.488+07:00  INFO 22048 --- [main] c.d.j.m.Main                             : Starting Main using Java 18.0.2 with PID 22048 (C:\Users\Sergey\IdeaProjects\DigDesEducation\app\target\classes started by Sergey in C:\Users\Sergey\IdeaProjects\DigDesEducation)
2023-06-04T23:04:53.503+07:00  INFO 22048 --- [main] c.d.j.m.Main                             : No active profile set, falling back to 1 default profile: "default"
2023-06-04T23:05:03.605+07:00  INFO 22048 --- [main] c.d.j.m.Main                             : Started Main in 10.928 seconds (process running for 12.154)
2023-06-04T23:05:21.784+07:00  INFO 22048 --- [http-nio-8080-exec-3] c.d.j.s.i.MemberServiceImpl              : Member admin successfully authenticated
2023-06-04T23:05:21.971+07:00  INFO 22048 --- [http-nio-8080-exec-3] c.d.j.c.MemberController                 : New get member request received
2023-06-04T23:11:00.884+07:00  INFO 8180 --- [main] c.d.j.m.Main                             : Starting Main using Java 18.0.2 with PID 8180 (C:\Users\Sergey\IdeaProjects\DigDesEducation\app\target\classes started by Sergey in C:\Users\Sergey\IdeaProjects\DigDesEducation)
2023-06-04T23:11:00.902+07:00  INFO 8180 --- [main] c.d.j.m.Main                             : No active profile set, falling back to 1 default profile: "default"
2023-06-04T23:11:11.541+07:00  INFO 8180 --- [main] c.d.j.m.Main                             : Started Main in 12.137 seconds (process running for 13.924)
2023-06-04T23:11:31.261+07:00  INFO 8180 --- [http-nio-8080-exec-1] c.d.j.s.i.MemberServiceImpl              : Member admin successfully authenticated
2023-06-04T23:11:31.451+07:00  INFO 8180 --- [http-nio-8080-exec-1] c.d.j.c.MemberController                 : New get member request received
2023-06-04T23:11:31.451+07:00  INFO 8180 --- [http-nio-8080-exec-1] c.d.j.s.i.MemberServiceImpl              : Searching member with id = 18
2023-06-04T23:11:31.480+07:00  INFO 8180 --- [http-nio-8080-exec-1] c.d.j.s.i.MemberServiceImpl              : Member with id = 18 successfully found
2023-06-04T23:12:37.837+07:00  INFO 1276 --- [main] c.d.j.m.Main                             : Starting Main using Java 18.0.2 with PID 1276 (C:\Users\Sergey\IdeaProjects\DigDesEducation\app\target\classes started by Sergey in C:\Users\Sergey\IdeaProjects\DigDesEducation)
2023-06-04T23:12:37.851+07:00 DEBUG 1276 --- [main] c.d.j.m.Main                             : Running with Spring Boot v3.1.0, Spring v6.0.9
2023-06-04T23:12:37.854+07:00  INFO 1276 --- [main] c.d.j.m.Main                             : No active profile set, falling back to 1 default profile: "default"
2023-06-04T23:12:47.241+07:00  INFO 1276 --- [main] c.d.j.m.Main                             : Started Main in 10.3 seconds (process running for 11.675)
2023-06-04T23:12:53.139+07:00  INFO 1276 --- [http-nio-8080-exec-1] c.d.j.s.i.MemberServiceImpl              : Member admin successfully authenticated
2023-06-04T23:12:53.318+07:00  INFO 1276 --- [http-nio-8080-exec-1] c.d.j.c.MemberController                 : New get member request received
2023-06-04T23:12:53.318+07:00  INFO 1276 --- [http-nio-8080-exec-1] c.d.j.s.i.MemberServiceImpl              : Searching member with id = 18
2023-06-04T23:12:53.349+07:00  INFO 1276 --- [http-nio-8080-exec-1] c.d.j.s.i.MemberServiceImpl              : Member with id = 18 successfully found
2023-06-04T23:12:53.353+07:00 DEBUG 1276 --- [http-nio-8080-exec-1] c.d.j.s.i.MemberServiceImpl              : Member{id=18, firstName='Иван', lastName='Иванов', patronymic='null', jobTitle='null', account='test', email='null', status=ACTIVE}
2023-06-04T23:12:53.354+07:00 DEBUG 1276 --- [http-nio-8080-exec-1] c.d.j.m.MemberMapper                     : Map entity to DTO
