2023-06-04T22:00:49.968+07:00  INFO 28844 --- [main] .s.d.r.c.RepositoryConfigurationDelegate : Bootstrapping Spring Data JPA repositories in DEFAULT mode.
2023-06-04T22:00:50.082+07:00  INFO 28844 --- [main] .s.d.r.c.RepositoryConfigurationDelegate : Finished Spring Data repository scanning in 100 ms. Found 4 JPA repository interfaces.
2023-06-04T22:00:51.312+07:00  INFO 28844 --- [main] o.s.b.w.e.t.TomcatWebServer              : Tomcat initialized with port(s): 8080 (http)
2023-06-04T22:00:51.333+07:00  INFO 28844 --- [main] o.a.c.c.StandardService                  : Starting service [Tomcat]
2023-06-04T22:00:51.333+07:00  INFO 28844 --- [main] o.a.c.c.StandardEngine                   : Starting Servlet engine: [Apache Tomcat/10.1.8]
2023-06-04T22:00:51.473+07:00  INFO 28844 --- [main] o.a.c.c.C.[.[.[/]                        : Initializing Spring embedded WebApplicationContext
2023-06-04T22:00:51.474+07:00  INFO 28844 --- [main] w.s.c.ServletWebServerApplicationContext : Root WebApplicationContext: initialization completed in 2399 ms
2023-06-04T22:00:51.702+07:00  INFO 28844 --- [main] c.z.h.HikariDataSource                   : HikariPool-1 - Starting...
2023-06-04T22:00:51.958+07:00  INFO 28844 --- [main] c.z.h.p.HikariPool                       : HikariPool-1 - Added connection org.postgresql.jdbc.PgConnection@4861cca9
2023-06-04T22:00:51.961+07:00  INFO 28844 --- [main] c.z.h.HikariDataSource                   : HikariPool-1 - Start completed.
2023-06-04T22:00:52.226+07:00  INFO 28844 --- [main] l.database                               : Set default schema name to public
2023-06-04T22:00:52.442+07:00  INFO 28844 --- [main] l.lockservice                            : Successfully acquired change log lock
2023-06-04T22:00:52.672+07:00  INFO 28844 --- [main] l.changelog                              : Reading resource: db/changelog/2023/05/00-23-01-init-changelog.xml
2023-06-04T22:00:52.915+07:00  INFO 28844 --- [main] l.changelog                              : Reading resource: db/changelog/2023/05/00-27-01-changelog.xml
2023-06-04T22:00:52.931+07:00  INFO 28844 --- [main] l.changelog                              : Reading resource: db/changelog/2023/05/01-27-01-changelog.xml
2023-06-04T22:00:53.006+07:00  INFO 28844 --- [main] l.changelog                              : Reading from public.databasechangelog
2023-06-04T22:00:53.053+07:00  INFO 28844 --- [main] l.changelog                              : Reading from public.databasechangelog
2023-06-04T22:00:53.060+07:00  INFO 28844 --- [main] l.util                                   : UPDATE SUMMARY
2023-06-04T22:00:53.060+07:00  INFO 28844 --- [main] l.util                                   : Run:                          0
2023-06-04T22:00:53.061+07:00  INFO 28844 --- [main] l.util                                   : Previously run:              12
2023-06-04T22:00:53.061+07:00  INFO 28844 --- [main] l.util                                   : Filtered out:                 0
2023-06-04T22:00:53.061+07:00  INFO 28844 --- [main] l.util                                   : -------------------------------
2023-06-04T22:00:53.062+07:00  INFO 28844 --- [main] l.util                                   : Total change sets:           12

2023-06-04T22:00:53.063+07:00  INFO 28844 --- [main] l.util                                   : Update summary generated
2023-06-04T22:00:53.066+07:00  INFO 28844 --- [main] l.lockservice                            : Successfully released change log lock
2023-06-04T22:00:53.072+07:00  INFO 28844 --- [main] l.lockservice                            : Successfully released change log lock
2023-06-04T22:00:53.073+07:00  INFO 28844 --- [main] l.command                                : Command execution complete
2023-06-04T22:00:53.251+07:00  INFO 28844 --- [main] o.h.j.i.u.LogHelper                      : HHH000204: Processing PersistenceUnitInfo [name: default]
2023-06-04T22:00:53.365+07:00  INFO 28844 --- [main] o.h.Version                              : HHH000412: Hibernate ORM core version 6.2.2.Final
2023-06-04T22:00:53.369+07:00  INFO 28844 --- [main] o.h.c.Environment                        : HHH000406: Using bytecode reflection optimizer
2023-06-04T22:00:53.666+07:00  INFO 28844 --- [main] o.h.b.i.BytecodeProviderInitiator        : HHH000021: Bytecode provider name : bytebuddy
2023-06-04T22:00:53.914+07:00  INFO 28844 --- [main] o.s.o.j.p.SpringPersistenceUnitInfo      : No LoadTimeWeaver setup: ignoring JPA class transformer
2023-06-04T22:00:53.981+07:00  INFO 28844 --- [main] o.h.o.dialect                            : HHH035001: Using dialect: org.hibernate.dialect.PostgreSQLDialect, version: org.hibernate.engine.jdbc.env.internal.JdbcEnvironmentInitiator$DialectResolutionInfoImpl@87fc0fc
2023-06-04T22:00:54.392+07:00  INFO 28844 --- [main] o.h.b.i.BytecodeProviderInitiator        : HHH000021: Bytecode provider name : bytebuddy
2023-06-04T22:00:55.587+07:00  INFO 28844 --- [main] o.h.e.t.j.p.i.JtaPlatformInitiator       : HHH000490: Using JtaPlatform implementation: [org.hibernate.engine.transaction.jta.platform.internal.NoJtaPlatform]
2023-06-04T22:00:55.594+07:00  INFO 28844 --- [main] j.LocalContainerEntityManagerFactoryBean : Initialized JPA EntityManagerFactory for persistence unit 'default'
2023-06-04T22:00:56.071+07:00  INFO 28844 --- [main] o.s.d.j.r.q.QueryEnhancerFactory         : Hibernate is in classpath; If applicable, HQL parser will be used.
2023-06-04T22:00:57.269+07:00  WARN 28844 --- [main] JpaBaseConfiguration$JpaWebConfiguration : spring.jpa.open-in-view is enabled by default. Therefore, database queries may be performed during view rendering. Explicitly configure spring.jpa.open-in-view to disable this warning
2023-06-04T22:00:57.724+07:00  INFO 28844 --- [main] o.s.s.w.DefaultSecurityFilterChain       : Will secure any request with [org.springframework.security.web.session.DisableEncodeUrlFilter@a9375dd, org.springframework.security.web.context.request.async.WebAsyncManagerIntegrationFilter@33a4cdba, org.springframework.security.web.context.SecurityContextHolderFilter@1cbb101b, org.springframework.security.web.header.HeaderWriterFilter@283fe454, org.springframework.security.web.authentication.logout.LogoutFilter@2f9f939, org.springframework.security.web.authentication.www.BasicAuthenticationFilter@8b62702, org.springframework.security.web.savedrequest.RequestCacheAwareFilter@96b00fb, org.springframework.security.web.servletapi.SecurityContextHolderAwareRequestFilter@2c969f, org.springframework.security.web.authentication.AnonymousAuthenticationFilter@6c42c856, org.springframework.security.web.access.ExceptionTranslationFilter@551f38b1, org.springframework.security.web.access.intercept.AuthorizationFilter@b359d2d]
2023-06-04T22:00:58.155+07:00  INFO 28844 --- [main] o.s.b.w.e.t.TomcatWebServer              : Tomcat started on port(s): 8080 (http) with context path ''
2023-06-04T22:01:28.347+07:00  INFO 28844 --- [SpringApplicationShutdownHook] j.LocalContainerEntityManagerFactoryBean : Closing JPA EntityManagerFactory for persistence unit 'default'
2023-06-04T22:01:28.349+07:00  INFO 28844 --- [SpringApplicationShutdownHook] c.z.h.HikariDataSource                   : HikariPool-1 - Shutdown initiated...
2023-06-04T22:01:28.354+07:00  INFO 28844 --- [SpringApplicationShutdownHook] c.z.h.HikariDataSource                   : HikariPool-1 - Shutdown completed.
2023-06-04T22:02:13.289+07:00  INFO 22040 --- [main] .s.d.r.c.RepositoryConfigurationDelegate : Bootstrapping Spring Data JPA repositories in DEFAULT mode.
2023-06-04T22:02:13.402+07:00  INFO 22040 --- [main] .s.d.r.c.RepositoryConfigurationDelegate : Finished Spring Data repository scanning in 99 ms. Found 4 JPA repository interfaces.
2023-06-04T22:02:14.739+07:00  INFO 22040 --- [main] o.s.b.w.e.t.TomcatWebServer              : Tomcat initialized with port(s): 8080 (http)
2023-06-04T22:02:14.758+07:00  INFO 22040 --- [main] o.a.c.c.StandardService                  : Starting service [Tomcat]
2023-06-04T22:02:14.759+07:00  INFO 22040 --- [main] o.a.c.c.StandardEngine                   : Starting Servlet engine: [Apache Tomcat/10.1.8]
2023-06-04T22:02:14.896+07:00  INFO 22040 --- [main] o.a.c.c.C.[.[.[/]                        : Initializing Spring embedded WebApplicationContext
2023-06-04T22:02:14.897+07:00  INFO 22040 --- [main] w.s.c.ServletWebServerApplicationContext : Root WebApplicationContext: initialization completed in 2966 ms
2023-06-04T22:02:15.134+07:00  INFO 22040 --- [main] c.z.h.HikariDataSource                   : HikariPool-1 - Starting...
2023-06-04T22:02:15.416+07:00  INFO 22040 --- [main] c.z.h.p.HikariPool                       : HikariPool-1 - Added connection org.postgresql.jdbc.PgConnection@6c8f4bc7
2023-06-04T22:02:15.420+07:00  INFO 22040 --- [main] c.z.h.HikariDataSource                   : HikariPool-1 - Start completed.
2023-06-04T22:02:15.716+07:00  INFO 22040 --- [main] l.database                               : Set default schema name to public
2023-06-04T22:02:15.960+07:00  INFO 22040 --- [main] l.lockservice                            : Successfully acquired change log lock
2023-06-04T22:02:16.235+07:00  INFO 22040 --- [main] l.changelog                              : Reading resource: db/changelog/2023/05/00-23-01-init-changelog.xml
2023-06-04T22:02:16.517+07:00  INFO 22040 --- [main] l.changelog                              : Reading resource: db/changelog/2023/05/00-27-01-changelog.xml
2023-06-04T22:02:16.538+07:00  INFO 22040 --- [main] l.changelog                              : Reading resource: db/changelog/2023/05/01-27-01-changelog.xml
2023-06-04T22:02:16.617+07:00  INFO 22040 --- [main] l.changelog                              : Reading from public.databasechangelog
2023-06-04T22:02:16.681+07:00  INFO 22040 --- [main] l.changelog                              : Reading from public.databasechangelog
2023-06-04T22:02:16.689+07:00  INFO 22040 --- [main] l.util                                   : UPDATE SUMMARY
2023-06-04T22:02:16.689+07:00  INFO 22040 --- [main] l.util                                   : Run:                          0
2023-06-04T22:02:16.690+07:00  INFO 22040 --- [main] l.util                                   : Previously run:              12
2023-06-04T22:02:16.691+07:00  INFO 22040 --- [main] l.util                                   : Filtered out:                 0
2023-06-04T22:02:16.691+07:00  INFO 22040 --- [main] l.util                                   : -------------------------------
2023-06-04T22:02:16.691+07:00  INFO 22040 --- [main] l.util                                   : Total change sets:           12

2023-06-04T22:02:16.692+07:00  INFO 22040 --- [main] l.util                                   : Update summary generated
2023-06-04T22:02:16.695+07:00  INFO 22040 --- [main] l.lockservice                            : Successfully released change log lock
2023-06-04T22:02:16.700+07:00  INFO 22040 --- [main] l.lockservice                            : Successfully released change log lock
2023-06-04T22:02:16.701+07:00  INFO 22040 --- [main] l.command                                : Command execution complete
2023-06-04T22:02:16.877+07:00  INFO 22040 --- [main] o.h.j.i.u.LogHelper                      : HHH000204: Processing PersistenceUnitInfo [name: default]
2023-06-04T22:02:16.990+07:00  INFO 22040 --- [main] o.h.Version                              : HHH000412: Hibernate ORM core version 6.2.2.Final
2023-06-04T22:02:16.998+07:00  INFO 22040 --- [main] o.h.c.Environment                        : HHH000406: Using bytecode reflection optimizer
2023-06-04T22:02:17.316+07:00  INFO 22040 --- [main] o.h.b.i.BytecodeProviderInitiator        : HHH000021: Bytecode provider name : bytebuddy
2023-06-04T22:02:17.566+07:00  INFO 22040 --- [main] o.s.o.j.p.SpringPersistenceUnitInfo      : No LoadTimeWeaver setup: ignoring JPA class transformer
2023-06-04T22:02:17.631+07:00  INFO 22040 --- [main] o.h.o.dialect                            : HHH035001: Using dialect: org.hibernate.dialect.PostgreSQLDialect, version: org.hibernate.engine.jdbc.env.internal.JdbcEnvironmentInitiator$DialectResolutionInfoImpl@74a03bd5
2023-06-04T22:02:18.032+07:00  INFO 22040 --- [main] o.h.b.i.BytecodeProviderInitiator        : HHH000021: Bytecode provider name : bytebuddy
2023-06-04T22:02:19.247+07:00  INFO 22040 --- [main] o.h.e.t.j.p.i.JtaPlatformInitiator       : HHH000490: Using JtaPlatform implementation: [org.hibernate.engine.transaction.jta.platform.internal.NoJtaPlatform]
2023-06-04T22:02:19.253+07:00  INFO 22040 --- [main] j.LocalContainerEntityManagerFactoryBean : Initialized JPA EntityManagerFactory for persistence unit 'default'
2023-06-04T22:02:19.722+07:00  INFO 22040 --- [main] o.s.d.j.r.q.QueryEnhancerFactory         : Hibernate is in classpath; If applicable, HQL parser will be used.
2023-06-04T22:02:20.881+07:00  WARN 22040 --- [main] JpaBaseConfiguration$JpaWebConfiguration : spring.jpa.open-in-view is enabled by default. Therefore, database queries may be performed during view rendering. Explicitly configure spring.jpa.open-in-view to disable this warning
2023-06-04T22:02:21.364+07:00  INFO 22040 --- [main] o.s.s.w.DefaultSecurityFilterChain       : Will secure any request with [org.springframework.security.web.session.DisableEncodeUrlFilter@33a4cdba, org.springframework.security.web.context.request.async.WebAsyncManagerIntegrationFilter@6c42c856, org.springframework.security.web.context.SecurityContextHolderFilter@4bf14a9c, org.springframework.security.web.header.HeaderWriterFilter@42000b02, org.springframework.security.web.authentication.logout.LogoutFilter@113366e7, org.springframework.security.web.authentication.www.BasicAuthenticationFilter@3aecbab2, org.springframework.security.web.savedrequest.RequestCacheAwareFilter@540accf4, org.springframework.security.web.servletapi.SecurityContextHolderAwareRequestFilter@2438702, org.springframework.security.web.authentication.AnonymousAuthenticationFilter@571f6b61, org.springframework.security.web.access.ExceptionTranslationFilter@5f25b34d, org.springframework.security.web.access.intercept.AuthorizationFilter@4ff4478]
2023-06-04T22:02:21.784+07:00  INFO 22040 --- [main] o.s.b.w.e.t.TomcatWebServer              : Tomcat started on port(s): 8080 (http) with context path ''
2023-06-04T22:02:38.403+07:00  INFO 22040 --- [http-nio-8080-exec-1] o.a.c.c.C.[.[.[/]                        : Initializing Spring DispatcherServlet 'dispatcherServlet'
2023-06-04T22:02:38.403+07:00  INFO 22040 --- [http-nio-8080-exec-1] o.s.w.s.DispatcherServlet                : Initializing Servlet 'dispatcherServlet'
2023-06-04T22:02:38.404+07:00  INFO 22040 --- [http-nio-8080-exec-1] o.s.w.s.DispatcherServlet                : Completed initialization in 1 ms
2023-06-04T22:03:01.749+07:00  INFO 22040 --- [SpringApplicationShutdownHook] j.LocalContainerEntityManagerFactoryBean : Closing JPA EntityManagerFactory for persistence unit 'default'
2023-06-04T22:03:01.751+07:00  INFO 22040 --- [SpringApplicationShutdownHook] c.z.h.HikariDataSource                   : HikariPool-1 - Shutdown initiated...
2023-06-04T22:03:01.758+07:00  INFO 22040 --- [SpringApplicationShutdownHook] c.z.h.HikariDataSource                   : HikariPool-1 - Shutdown completed.
2023-06-04T23:04:54.552+07:00  INFO 22048 --- [main] .s.d.r.c.RepositoryConfigurationDelegate : Bootstrapping Spring Data JPA repositories in DEFAULT mode.
2023-06-04T23:04:54.664+07:00  INFO 22048 --- [main] .s.d.r.c.RepositoryConfigurationDelegate : Finished Spring Data repository scanning in 97 ms. Found 4 JPA repository interfaces.
2023-06-04T23:04:56.016+07:00  INFO 22048 --- [main] o.s.b.w.e.t.TomcatWebServer              : Tomcat initialized with port(s): 8080 (http)
2023-06-04T23:04:56.035+07:00  INFO 22048 --- [main] o.a.c.c.StandardService                  : Starting service [Tomcat]
2023-06-04T23:04:56.035+07:00  INFO 22048 --- [main] o.a.c.c.StandardEngine                   : Starting Servlet engine: [Apache Tomcat/10.1.8]
2023-06-04T23:04:56.185+07:00  INFO 22048 --- [main] o.a.c.c.C.[.[.[/]                        : Initializing Spring embedded WebApplicationContext
2023-06-04T23:04:56.186+07:00  INFO 22048 --- [main] w.s.c.ServletWebServerApplicationContext : Root WebApplicationContext: initialization completed in 2610 ms
2023-06-04T23:04:56.488+07:00  INFO 22048 --- [main] c.z.h.HikariDataSource                   : HikariPool-1 - Starting...
2023-06-04T23:04:56.797+07:00  INFO 22048 --- [main] c.z.h.p.HikariPool                       : HikariPool-1 - Added connection org.postgresql.jdbc.PgConnection@7d66a126
2023-06-04T23:04:56.802+07:00  INFO 22048 --- [main] c.z.h.HikariDataSource                   : HikariPool-1 - Start completed.
2023-06-04T23:04:57.092+07:00  INFO 22048 --- [main] l.database                               : Set default schema name to public
2023-06-04T23:04:57.380+07:00  INFO 22048 --- [main] l.lockservice                            : Successfully acquired change log lock
2023-06-04T23:04:57.610+07:00  INFO 22048 --- [main] l.changelog                              : Reading resource: db/changelog/2023/05/00-23-01-init-changelog.xml
2023-06-04T23:04:57.894+07:00  INFO 22048 --- [main] l.changelog                              : Reading resource: db/changelog/2023/05/00-27-01-changelog.xml
2023-06-04T23:04:57.919+07:00  INFO 22048 --- [main] l.changelog                              : Reading resource: db/changelog/2023/05/01-27-01-changelog.xml
2023-06-04T23:04:58.002+07:00  INFO 22048 --- [main] l.changelog                              : Reading from public.databasechangelog
2023-06-04T23:04:58.060+07:00  INFO 22048 --- [main] l.changelog                              : Reading from public.databasechangelog
2023-06-04T23:04:58.068+07:00  INFO 22048 --- [main] l.util                                   : UPDATE SUMMARY
2023-06-04T23:04:58.068+07:00  INFO 22048 --- [main] l.util                                   : Run:                          0
2023-06-04T23:04:58.068+07:00  INFO 22048 --- [main] l.util                                   : Previously run:              12
2023-06-04T23:04:58.069+07:00  INFO 22048 --- [main] l.util                                   : Filtered out:                 0
2023-06-04T23:04:58.069+07:00  INFO 22048 --- [main] l.util                                   : -------------------------------
2023-06-04T23:04:58.070+07:00  INFO 22048 --- [main] l.util                                   : Total change sets:           12

2023-06-04T23:04:58.071+07:00  INFO 22048 --- [main] l.util                                   : Update summary generated
2023-06-04T23:04:58.074+07:00  INFO 22048 --- [main] l.lockservice                            : Successfully released change log lock
2023-06-04T23:04:58.079+07:00  INFO 22048 --- [main] l.lockservice                            : Successfully released change log lock
2023-06-04T23:04:58.081+07:00  INFO 22048 --- [main] l.command                                : Command execution complete
2023-06-04T23:04:58.252+07:00  INFO 22048 --- [main] o.h.j.i.u.LogHelper                      : HHH000204: Processing PersistenceUnitInfo [name: default]
2023-06-04T23:04:58.381+07:00  INFO 22048 --- [main] o.h.Version                              : HHH000412: Hibernate ORM core version 6.2.2.Final
2023-06-04T23:04:58.388+07:00  INFO 22048 --- [main] o.h.c.Environment                        : HHH000406: Using bytecode reflection optimizer
2023-06-04T23:04:58.726+07:00  INFO 22048 --- [main] o.h.b.i.BytecodeProviderInitiator        : HHH000021: Bytecode provider name : bytebuddy
2023-06-04T23:04:59.011+07:00  INFO 22048 --- [main] o.s.o.j.p.SpringPersistenceUnitInfo      : No LoadTimeWeaver setup: ignoring JPA class transformer
2023-06-04T23:04:59.088+07:00  INFO 22048 --- [main] o.h.o.dialect                            : HHH035001: Using dialect: org.hibernate.dialect.PostgreSQLDialect, version: org.hibernate.engine.jdbc.env.internal.JdbcEnvironmentInitiator$DialectResolutionInfoImpl@1e66bf2d
2023-06-04T23:04:59.515+07:00  INFO 22048 --- [main] o.h.b.i.BytecodeProviderInitiator        : HHH000021: Bytecode provider name : bytebuddy
2023-06-04T23:05:00.983+07:00  INFO 22048 --- [main] o.h.e.t.j.p.i.JtaPlatformInitiator       : HHH000490: Using JtaPlatform implementation: [org.hibernate.engine.transaction.jta.platform.internal.NoJtaPlatform]
2023-06-04T23:05:00.989+07:00  INFO 22048 --- [main] j.LocalContainerEntityManagerFactoryBean : Initialized JPA EntityManagerFactory for persistence unit 'default'
2023-06-04T23:05:01.487+07:00  INFO 22048 --- [main] o.s.d.j.r.q.QueryEnhancerFactory         : Hibernate is in classpath; If applicable, HQL parser will be used.
2023-06-04T23:05:02.677+07:00  WARN 22048 --- [main] JpaBaseConfiguration$JpaWebConfiguration : spring.jpa.open-in-view is enabled by default. Therefore, database queries may be performed during view rendering. Explicitly configure spring.jpa.open-in-view to disable this warning
2023-06-04T23:05:03.146+07:00  INFO 22048 --- [main] o.s.s.w.DefaultSecurityFilterChain       : Will secure any request with [org.springframework.security.web.session.DisableEncodeUrlFilter@6c42c856, org.springframework.security.web.context.request.async.WebAsyncManagerIntegrationFilter@571f6b61, org.springframework.security.web.context.SecurityContextHolderFilter@96b00fb, org.springframework.security.web.header.HeaderWriterFilter@6e767943, org.springframework.security.web.authentication.logout.LogoutFilter@32c3102, org.springframework.security.web.authentication.www.BasicAuthenticationFilter@10e57077, org.springframework.security.web.savedrequest.RequestCacheAwareFilter@10f535a6, org.springframework.security.web.servletapi.SecurityContextHolderAwareRequestFilter@3b22cae9, org.springframework.security.web.authentication.AnonymousAuthenticationFilter@46b3c1c2, org.springframework.security.web.access.ExceptionTranslationFilter@283fe454, org.springframework.security.web.access.intercept.AuthorizationFilter@5d40034e]
2023-06-04T23:05:03.590+07:00  INFO 22048 --- [main] o.s.b.w.e.t.TomcatWebServer              : Tomcat started on port(s): 8080 (http) with context path ''
2023-06-04T23:05:21.629+07:00  INFO 22048 --- [http-nio-8080-exec-3] o.a.c.c.C.[.[.[/]                        : Initializing Spring DispatcherServlet 'dispatcherServlet'
2023-06-04T23:05:21.630+07:00  INFO 22048 --- [http-nio-8080-exec-3] o.s.w.s.DispatcherServlet                : Initializing Servlet 'dispatcherServlet'
2023-06-04T23:05:21.632+07:00  INFO 22048 --- [http-nio-8080-exec-3] o.s.w.s.DispatcherServlet                : Completed initialization in 2 ms
2023-06-04T23:06:01.529+07:00  INFO 22048 --- [SpringApplicationShutdownHook] j.LocalContainerEntityManagerFactoryBean : Closing JPA EntityManagerFactory for persistence unit 'default'
2023-06-04T23:06:01.532+07:00  INFO 22048 --- [SpringApplicationShutdownHook] c.z.h.HikariDataSource                   : HikariPool-1 - Shutdown initiated...
2023-06-04T23:06:01.543+07:00  INFO 22048 --- [SpringApplicationShutdownHook] c.z.h.HikariDataSource                   : HikariPool-1 - Shutdown completed.
2023-06-04T23:11:02.056+07:00  INFO 8180 --- [main] .s.d.r.c.RepositoryConfigurationDelegate : Bootstrapping Spring Data JPA repositories in DEFAULT mode.
2023-06-04T23:11:02.273+07:00  INFO 8180 --- [main] .s.d.r.c.RepositoryConfigurationDelegate : Finished Spring Data repository scanning in 204 ms. Found 4 JPA repository interfaces.
2023-06-04T23:11:03.780+07:00  INFO 8180 --- [main] o.s.b.w.e.t.TomcatWebServer              : Tomcat initialized with port(s): 8080 (http)
2023-06-04T23:11:03.801+07:00  INFO 8180 --- [main] o.a.c.c.StandardService                  : Starting service [Tomcat]
2023-06-04T23:11:03.803+07:00  INFO 8180 --- [main] o.a.c.c.StandardEngine                   : Starting Servlet engine: [Apache Tomcat/10.1.8]
2023-06-04T23:11:03.942+07:00  INFO 8180 --- [main] o.a.c.c.C.[.[.[/]                        : Initializing Spring embedded WebApplicationContext
2023-06-04T23:11:03.943+07:00  INFO 8180 --- [main] w.s.c.ServletWebServerApplicationContext : Root WebApplicationContext: initialization completed in 2953 ms
2023-06-04T23:11:04.176+07:00  INFO 8180 --- [main] c.z.h.HikariDataSource                   : HikariPool-1 - Starting...
2023-06-04T23:11:04.431+07:00  INFO 8180 --- [main] c.z.h.p.HikariPool                       : HikariPool-1 - Added connection org.postgresql.jdbc.PgConnection@7282af25
2023-06-04T23:11:04.435+07:00  INFO 8180 --- [main] c.z.h.HikariDataSource                   : HikariPool-1 - Start completed.
2023-06-04T23:11:04.703+07:00  INFO 8180 --- [main] l.database                               : Set default schema name to public
2023-06-04T23:11:04.967+07:00  INFO 8180 --- [main] l.lockservice                            : Successfully acquired change log lock
2023-06-04T23:11:05.212+07:00  INFO 8180 --- [main] l.changelog                              : Reading resource: db/changelog/2023/05/00-23-01-init-changelog.xml
2023-06-04T23:11:05.506+07:00  INFO 8180 --- [main] l.changelog                              : Reading resource: db/changelog/2023/05/00-27-01-changelog.xml
2023-06-04T23:11:05.532+07:00  INFO 8180 --- [main] l.changelog                              : Reading resource: db/changelog/2023/05/01-27-01-changelog.xml
2023-06-04T23:11:05.611+07:00  INFO 8180 --- [main] l.changelog                              : Reading from public.databasechangelog
2023-06-04T23:11:05.668+07:00  INFO 8180 --- [main] l.changelog                              : Reading from public.databasechangelog
2023-06-04T23:11:05.675+07:00  INFO 8180 --- [main] l.util                                   : UPDATE SUMMARY
2023-06-04T23:11:05.675+07:00  INFO 8180 --- [main] l.util                                   : Run:                          0
2023-06-04T23:11:05.676+07:00  INFO 8180 --- [main] l.util                                   : Previously run:              12
2023-06-04T23:11:05.676+07:00  INFO 8180 --- [main] l.util                                   : Filtered out:                 0
2023-06-04T23:11:05.676+07:00  INFO 8180 --- [main] l.util                                   : -------------------------------
2023-06-04T23:11:05.676+07:00  INFO 8180 --- [main] l.util                                   : Total change sets:           12

2023-06-04T23:11:05.678+07:00  INFO 8180 --- [main] l.util                                   : Update summary generated
2023-06-04T23:11:05.752+07:00  INFO 8180 --- [main] l.lockservice                            : Successfully released change log lock
2023-06-04T23:11:05.772+07:00  INFO 8180 --- [main] l.lockservice                            : Successfully released change log lock
2023-06-04T23:11:05.773+07:00  INFO 8180 --- [main] l.command                                : Command execution complete
2023-06-04T23:11:06.001+07:00  INFO 8180 --- [main] o.h.j.i.u.LogHelper                      : HHH000204: Processing PersistenceUnitInfo [name: default]
2023-06-04T23:11:06.127+07:00  INFO 8180 --- [main] o.h.Version                              : HHH000412: Hibernate ORM core version 6.2.2.Final
2023-06-04T23:11:06.131+07:00  INFO 8180 --- [main] o.h.c.Environment                        : HHH000406: Using bytecode reflection optimizer
2023-06-04T23:11:06.435+07:00  INFO 8180 --- [main] o.h.b.i.BytecodeProviderInitiator        : HHH000021: Bytecode provider name : bytebuddy
2023-06-04T23:11:06.692+07:00  INFO 8180 --- [main] o.s.o.j.p.SpringPersistenceUnitInfo      : No LoadTimeWeaver setup: ignoring JPA class transformer
2023-06-04T23:11:06.760+07:00  INFO 8180 --- [main] o.h.o.dialect                            : HHH035001: Using dialect: org.hibernate.dialect.PostgreSQLDialect, version: org.hibernate.engine.jdbc.env.internal.JdbcEnvironmentInitiator$DialectResolutionInfoImpl@342dc040
2023-06-04T23:11:07.173+07:00  INFO 8180 --- [main] o.h.b.i.BytecodeProviderInitiator        : HHH000021: Bytecode provider name : bytebuddy
2023-06-04T23:11:08.494+07:00  INFO 8180 --- [main] o.h.e.t.j.p.i.JtaPlatformInitiator       : HHH000490: Using JtaPlatform implementation: [org.hibernate.engine.transaction.jta.platform.internal.NoJtaPlatform]
2023-06-04T23:11:08.502+07:00  INFO 8180 --- [main] j.LocalContainerEntityManagerFactoryBean : Initialized JPA EntityManagerFactory for persistence unit 'default'
2023-06-04T23:11:09.037+07:00  INFO 8180 --- [main] o.s.d.j.r.q.QueryEnhancerFactory         : Hibernate is in classpath; If applicable, HQL parser will be used.
2023-06-04T23:11:10.491+07:00  WARN 8180 --- [main] JpaBaseConfiguration$JpaWebConfiguration : spring.jpa.open-in-view is enabled by default. Therefore, database queries may be performed during view rendering. Explicitly configure spring.jpa.open-in-view to disable this warning
2023-06-04T23:11:11.067+07:00  INFO 8180 --- [main] o.s.s.w.DefaultSecurityFilterChain       : Will secure any request with [org.springframework.security.web.session.DisableEncodeUrlFilter@3aecbab2, org.springframework.security.web.context.request.async.WebAsyncManagerIntegrationFilter@10e57077, org.springframework.security.web.context.SecurityContextHolderFilter@42000b02, org.springframework.security.web.header.HeaderWriterFilter@551f38b1, org.springframework.security.web.authentication.logout.LogoutFilter@7a8d001b, org.springframework.security.web.authentication.www.BasicAuthenticationFilter@8d44ee6, org.springframework.security.web.savedrequest.RequestCacheAwareFilter@1cbb101b, org.springframework.security.web.servletapi.SecurityContextHolderAwareRequestFilter@10f535a6, org.springframework.security.web.authentication.AnonymousAuthenticationFilter@a9375dd, org.springframework.security.web.access.ExceptionTranslationFilter@4967d14c, org.springframework.security.web.access.intercept.AuthorizationFilter@2eeee108]
2023-06-04T23:11:11.526+07:00  INFO 8180 --- [main] o.s.b.w.e.t.TomcatWebServer              : Tomcat started on port(s): 8080 (http) with context path ''
2023-06-04T23:11:31.109+07:00  INFO 8180 --- [http-nio-8080-exec-1] o.a.c.c.C.[.[.[/]                        : Initializing Spring DispatcherServlet 'dispatcherServlet'
2023-06-04T23:11:31.109+07:00  INFO 8180 --- [http-nio-8080-exec-1] o.s.w.s.DispatcherServlet                : Initializing Servlet 'dispatcherServlet'
2023-06-04T23:11:31.111+07:00  INFO 8180 --- [http-nio-8080-exec-1] o.s.w.s.DispatcherServlet                : Completed initialization in 2 ms
2023-06-04T23:11:59.425+07:00  INFO 8180 --- [SpringApplicationShutdownHook] j.LocalContainerEntityManagerFactoryBean : Closing JPA EntityManagerFactory for persistence unit 'default'
2023-06-04T23:11:59.428+07:00  INFO 8180 --- [SpringApplicationShutdownHook] c.z.h.HikariDataSource                   : HikariPool-1 - Shutdown initiated...
2023-06-04T23:11:59.435+07:00  INFO 8180 --- [SpringApplicationShutdownHook] c.z.h.HikariDataSource                   : HikariPool-1 - Shutdown completed.
2023-06-04T23:12:38.960+07:00  INFO 1276 --- [main] .s.d.r.c.RepositoryConfigurationDelegate : Bootstrapping Spring Data JPA repositories in DEFAULT mode.
2023-06-04T23:12:39.091+07:00  INFO 1276 --- [main] .s.d.r.c.RepositoryConfigurationDelegate : Finished Spring Data repository scanning in 118 ms. Found 4 JPA repository interfaces.
2023-06-04T23:12:40.323+07:00  INFO 1276 --- [main] o.s.b.w.e.t.TomcatWebServer              : Tomcat initialized with port(s): 8080 (http)
2023-06-04T23:12:40.343+07:00  INFO 1276 --- [main] o.a.c.c.StandardService                  : Starting service [Tomcat]
2023-06-04T23:12:40.344+07:00  INFO 1276 --- [main] o.a.c.c.StandardEngine                   : Starting Servlet engine: [Apache Tomcat/10.1.8]
2023-06-04T23:12:40.485+07:00  INFO 1276 --- [main] o.a.c.c.C.[.[.[/]                        : Initializing Spring embedded WebApplicationContext
2023-06-04T23:12:40.485+07:00  INFO 1276 --- [main] w.s.c.ServletWebServerApplicationContext : Root WebApplicationContext: initialization completed in 2485 ms
2023-06-04T23:12:40.704+07:00  INFO 1276 --- [main] c.z.h.HikariDataSource                   : HikariPool-1 - Starting...
2023-06-04T23:12:40.974+07:00  INFO 1276 --- [main] c.z.h.p.HikariPool                       : HikariPool-1 - Added connection org.postgresql.jdbc.PgConnection@a21c74
2023-06-04T23:12:40.977+07:00  INFO 1276 --- [main] c.z.h.HikariDataSource                   : HikariPool-1 - Start completed.
2023-06-04T23:12:41.245+07:00  INFO 1276 --- [main] l.database                               : Set default schema name to public
2023-06-04T23:12:41.476+07:00  INFO 1276 --- [main] l.lockservice                            : Successfully acquired change log lock
2023-06-04T23:12:41.692+07:00  INFO 1276 --- [main] l.changelog                              : Reading resource: db/changelog/2023/05/00-23-01-init-changelog.xml
2023-06-04T23:12:41.946+07:00  INFO 1276 --- [main] l.changelog                              : Reading resource: db/changelog/2023/05/00-27-01-changelog.xml
2023-06-04T23:12:41.961+07:00  INFO 1276 --- [main] l.changelog                              : Reading resource: db/changelog/2023/05/01-27-01-changelog.xml
2023-06-04T23:12:42.037+07:00  INFO 1276 --- [main] l.changelog                              : Reading from public.databasechangelog
2023-06-04T23:12:42.085+07:00  INFO 1276 --- [main] l.changelog                              : Reading from public.databasechangelog
2023-06-04T23:12:42.092+07:00  INFO 1276 --- [main] l.util                                   : UPDATE SUMMARY
2023-06-04T23:12:42.093+07:00  INFO 1276 --- [main] l.util                                   : Run:                          0
2023-06-04T23:12:42.093+07:00  INFO 1276 --- [main] l.util                                   : Previously run:              12
2023-06-04T23:12:42.094+07:00  INFO 1276 --- [main] l.util                                   : Filtered out:                 0
2023-06-04T23:12:42.094+07:00  INFO 1276 --- [main] l.util                                   : -------------------------------
2023-06-04T23:12:42.095+07:00  INFO 1276 --- [main] l.util                                   : Total change sets:           12

2023-06-04T23:12:42.096+07:00  INFO 1276 --- [main] l.util                                   : Update summary generated
2023-06-04T23:12:42.099+07:00  INFO 1276 --- [main] l.lockservice                            : Successfully released change log lock
2023-06-04T23:12:42.104+07:00  INFO 1276 --- [main] l.lockservice                            : Successfully released change log lock
2023-06-04T23:12:42.105+07:00  INFO 1276 --- [main] l.command                                : Command execution complete
2023-06-04T23:12:42.280+07:00  INFO 1276 --- [main] o.h.j.i.u.LogHelper                      : HHH000204: Processing PersistenceUnitInfo [name: default]
2023-06-04T23:12:42.396+07:00  INFO 1276 --- [main] o.h.Version                              : HHH000412: Hibernate ORM core version 6.2.2.Final
2023-06-04T23:12:42.400+07:00  INFO 1276 --- [main] o.h.c.Environment                        : HHH000406: Using bytecode reflection optimizer
2023-06-04T23:12:42.682+07:00  INFO 1276 --- [main] o.h.b.i.BytecodeProviderInitiator        : HHH000021: Bytecode provider name : bytebuddy
2023-06-04T23:12:42.943+07:00  INFO 1276 --- [main] o.s.o.j.p.SpringPersistenceUnitInfo      : No LoadTimeWeaver setup: ignoring JPA class transformer
2023-06-04T23:12:43.009+07:00  INFO 1276 --- [main] o.h.o.dialect                            : HHH035001: Using dialect: org.hibernate.dialect.PostgreSQLDialect, version: org.hibernate.engine.jdbc.env.internal.JdbcEnvironmentInitiator$DialectResolutionInfoImpl@55e4dd68
2023-06-04T23:12:43.426+07:00  INFO 1276 --- [main] o.h.b.i.BytecodeProviderInitiator        : HHH000021: Bytecode provider name : bytebuddy
2023-06-04T23:12:44.647+07:00  INFO 1276 --- [main] o.h.e.t.j.p.i.JtaPlatformInitiator       : HHH000490: Using JtaPlatform implementation: [org.hibernate.engine.transaction.jta.platform.internal.NoJtaPlatform]
2023-06-04T23:12:44.653+07:00  INFO 1276 --- [main] j.LocalContainerEntityManagerFactoryBean : Initialized JPA EntityManagerFactory for persistence unit 'default'
2023-06-04T23:12:45.147+07:00  INFO 1276 --- [main] o.s.d.j.r.q.QueryEnhancerFactory         : Hibernate is in classpath; If applicable, HQL parser will be used.
2023-06-04T23:12:46.314+07:00  WARN 1276 --- [main] JpaBaseConfiguration$JpaWebConfiguration : spring.jpa.open-in-view is enabled by default. Therefore, database queries may be performed during view rendering. Explicitly configure spring.jpa.open-in-view to disable this warning
2023-06-04T23:12:46.770+07:00  INFO 1276 --- [main] o.s.s.w.DefaultSecurityFilterChain       : Will secure any request with [org.springframework.security.web.session.DisableEncodeUrlFilter@7721408, org.springframework.security.web.context.request.async.WebAsyncManagerIntegrationFilter@14f35726, org.springframework.security.web.context.SecurityContextHolderFilter@24fb6521, org.springframework.security.web.header.HeaderWriterFilter@37c55315, org.springframework.security.web.authentication.logout.LogoutFilter@320684cd, org.springframework.security.web.authentication.www.BasicAuthenticationFilter@45dac901, org.springframework.security.web.savedrequest.RequestCacheAwareFilter@49a2f134, org.springframework.security.web.servletapi.SecurityContextHolderAwareRequestFilter@7bbc0c6b, org.springframework.security.web.authentication.AnonymousAuthenticationFilter@1192e221, org.springframework.security.web.access.ExceptionTranslationFilter@346ea2ed, org.springframework.security.web.access.intercept.AuthorizationFilter@a9375dd]
2023-06-04T23:12:47.231+07:00  INFO 1276 --- [main] o.s.b.w.e.t.TomcatWebServer              : Tomcat started on port(s): 8080 (http) with context path ''
2023-06-04T23:12:52.984+07:00  INFO 1276 --- [http-nio-8080-exec-1] o.a.c.c.C.[.[.[/]                        : Initializing Spring DispatcherServlet 'dispatcherServlet'
2023-06-04T23:12:52.984+07:00  INFO 1276 --- [http-nio-8080-exec-1] o.s.w.s.DispatcherServlet                : Initializing Servlet 'dispatcherServlet'
2023-06-04T23:12:52.986+07:00  INFO 1276 --- [http-nio-8080-exec-1] o.s.w.s.DispatcherServlet                : Completed initialization in 2 ms
2023-06-04T23:13:32.813+07:00  INFO 1276 --- [SpringApplicationShutdownHook] j.LocalContainerEntityManagerFactoryBean : Closing JPA EntityManagerFactory for persistence unit 'default'
2023-06-04T23:13:32.815+07:00  INFO 1276 --- [SpringApplicationShutdownHook] c.z.h.HikariDataSource                   : HikariPool-1 - Shutdown initiated...
2023-06-04T23:13:32.822+07:00  INFO 1276 --- [SpringApplicationShutdownHook] c.z.h.HikariDataSource                   : HikariPool-1 - Shutdown completed.
